<?xml version="1.0" encoding="UTF-8" standalone="no"?>
<!DOCTYPE log SYSTEM "logger.dtd">
<log>
<record>
  <date>2022-04-13T00:57:22</date>
  <millis>1649836642231</millis>
  <sequence>0</sequence>
  <logger>kmeansMapReduce</logger>
  <level>INFO</level>
  <class>com.elaamiri.kmeansPoint.KmeansUtils</class>
  <method>logToFile</method>
  <thread>1</thread>
  <message>1 convergences.</message>
</record>
<record>
  <date>2022-04-13T00:57:23</date>
  <millis>1649836643779</millis>
  <sequence>1</sequence>
  <logger>kmeansMapReduce</logger>
  <level>INFO</level>
  <class>com.elaamiri.kmeansPoint.KmeansUtils</class>
  <method>logToFile</method>
  <thread>1</thread>
  <message>2 convergences.</message>
</record>
<record>
  <date>2022-04-13T00:57:25</date>
  <millis>1649836645503</millis>
  <sequence>2</sequence>
  <logger>kmeansMapReduce</logger>
  <level>INFO</level>
  <class>com.elaamiri.kmeansPoint.KmeansUtils</class>
  <method>logToFile</method>
  <thread>1</thread>
  <message>3 convergences.</message>
</record>
</log>
<?xml version="1.0" encoding="UTF-8" standalone="no"?>
<!DOCTYPE log SYSTEM "logger.dtd">
<log>
<record>
  <date>2022-04-13T01:01:13</date>
  <millis>1649836873071</millis>
  <sequence>0</sequence>
  <logger>kmeansMapReduce</logger>
  <level>INFO</level>
  <class>com.elaamiri.kmeansPoint.KmeansUtils</class>
  <method>logToFile</method>
  <thread>1</thread>
  <message>1 convergences.</message>
</record>
<record>
  <date>2022-04-13T01:01:14</date>
  <millis>1649836874725</millis>
  <sequence>1</sequence>
  <logger>kmeansMapReduce</logger>
  <level>INFO</level>
  <class>com.elaamiri.kmeansPoint.KmeansUtils</class>
  <method>logToFile</method>
  <thread>1</thread>
  <message>2 convergences.</message>
</record>
<record>
  <date>2022-04-13T01:01:16</date>
  <millis>1649836876386</millis>
  <sequence>2</sequence>
  <logger>kmeansMapReduce</logger>
  <level>INFO</level>
  <class>com.elaamiri.kmeansPoint.KmeansUtils</class>
  <method>logToFile</method>
  <thread>1</thread>
  <message>3 convergences.</message>
</record>
</log>
